e:\github\c-practice\concurrentmemorypool\concurrentmemorypool\debug\vc142.pdb
e:\github\c-practice\concurrentmemorypool\concurrentmemorypool\debug\vc142.idb
e:\github\c-practice\concurrentmemorypool\concurrentmemorypool\debug\threadcache.nativecodeanalysis.sarif
e:\github\c-practice\concurrentmemorypool\concurrentmemorypool\debug\threadcache.nativecodeanalysis.xml
e:\github\c-practice\concurrentmemorypool\concurrentmemorypool\debug\unittest.nativecodeanalysis.sarif
e:\github\c-practice\concurrentmemorypool\concurrentmemorypool\debug\unittest.nativecodeanalysis.xml
e:\github\c-practice\concurrentmemorypool\concurrentmemorypool\debug\pagecache.nativecodeanalysis.sarif
e:\github\c-practice\concurrentmemorypool\concurrentmemorypool\debug\pagecache.nativecodeanalysis.xml
e:\github\c-practice\concurrentmemorypool\concurrentmemorypool\debug\centalcache.nativecodeanalysis.sarif
e:\github\c-practice\concurrentmemorypool\concurrentmemorypool\debug\centalcache.nativecodeanalysis.xml
e:\github\c-practice\concurrentmemorypool\concurrentmemorypool\debug\benchmark.nativecodeanalysis.sarif
e:\github\c-practice\concurrentmemorypool\concurrentmemorypool\debug\benchmark.nativecodeanalysis.xml
e:\github\c-practice\concurrentmemorypool\concurrentmemorypool\debug\benchmark.obj
e:\github\c-practice\concurrentmemorypool\concurrentmemorypool\debug\centalcache.obj
e:\github\c-practice\concurrentmemorypool\concurrentmemorypool\debug\pagecache.obj
e:\github\c-practice\concurrentmemorypool\concurrentmemorypool\debug\unittest.obj
e:\github\c-practice\concurrentmemorypool\concurrentmemorypool\debug\threadcache.obj
e:\github\c-practice\concurrentmemorypool\debug\concurrentmemorypool.ilk
e:\github\c-practice\concurrentmemorypool\debug\concurrentmemorypool.exe
e:\github\c-practice\concurrentmemorypool\debug\concurrentmemorypool.pdb
e:\github\c-practice\concurrentmemorypool\concurrentmemorypool\debug\vc.nativecodeanalysis.all.xml
e:\github\c-practice\concurrentmemorypool\concurrentmemorypool\debug\concurre.b051c27b.tlog\cl.command.1.tlog
e:\github\c-practice\concurrentmemorypool\concurrentmemorypool\debug\concurre.b051c27b.tlog\cl.read.1.tlog
e:\github\c-practice\concurrentmemorypool\concurrentmemorypool\debug\concurre.b051c27b.tlog\cl.write.1.tlog
e:\github\c-practice\concurrentmemorypool\concurrentmemorypool\debug\concurre.b051c27b.tlog\link.command.1.tlog
e:\github\c-practice\concurrentmemorypool\concurrentmemorypool\debug\concurre.b051c27b.tlog\link.read.1.tlog
e:\github\c-practice\concurrentmemorypool\concurrentmemorypool\debug\concurre.b051c27b.tlog\link.write.1.tlog
